<?xml version="1.0" encoding="UTF-8"?>
<!-- Generated by org.testng.reporters.JUnitXMLReporter -->
<testsuite ignored="2" hostname="LAPTOP-UCLTDI57" failures="0" tests="1" name="Default test" time="4.256" errors="0" timestamp="2025-12-05T12:55:50 IST">
  <testcase classname="testscripts.AdminUsersTest" name="verifyWhetherAdminIsAbleToAddNewUser" time="2.32"/>
  <testcase classname="testscripts.AdminUsersTest" name="verifyWhetherAdminIsAbleToResetTheUsersList" time="0.0">
    <ignored/>
  </testcase> <!-- verifyWhetherAdminIsAbleToResetTheUsersList -->
  <testcase classname="testscripts.AdminUsersTest" name="verifyWhetherAdminIsAbleToSearchTheNewlyAddedUser" time="0.0">
    <ignored/>
  </testcase> <!-- verifyWhetherAdminIsAbleToSearchTheNewlyAddedUser -->
</testsuite> <!-- Default test -->
