<?xml version="1.0" encoding="UTF-8"?>
<!-- Generated by org.testng.reporters.JUnitReportReporter -->
<testsuite hostname="LAPTOP-UCLTDI57" failures="0" tests="3" name="testscripts.AdminUsersTest" time="18.279" errors="0" timestamp="2025-12-11T09:35:47 IST" skipped="0">
  <testcase classname="testscripts.AdminUsersTest" name="verifyWhetherAdminIsAbleToAddNewUser" time="7.142"/>
  <testcase classname="testscripts.AdminUsersTest" name="verifyWhetherAdminIsAbleToSearchTheNewlyAddedUser" time="4.446"/>
  <testcase classname="testscripts.AdminUsersTest" name="verifyWhetherAdminIsAbleToResetTheUsersList" time="6.691"/>
</testsuite> <!-- testscripts.AdminUsersTest -->
