<?xml version="1.0" encoding="UTF-8"?>
<!-- Generated by org.testng.reporters.JUnitReportReporter -->
<testsuite hostname="LAPTOP-UCLTDI57" failures="0" tests="5" name="testscripts.LoginTest" time="21.970" errors="0" timestamp="2025-12-20T19:47:24 IST" skipped="0">
  <testcase classname="testscripts.LoginTest" name="verifyWhetherUserIsAbleToLoginWithValidCredential" time="5.666"/>
  <testcase classname="testscripts.LoginTest" name="verifyWhetherUserIsAbleToLoginWithValidUserNameandInvalidPassword" time="4.501"/>
  <testcase classname="testscripts.LoginTest" name="verifyWhetherUserIsAbleToLoginWithInValidUserNameandValidPassword" time="4.685"/>
  <testcase classname="testscripts.LoginTest" name="verifyWhetherUserIsAbleToLoginWithInValidUserNameandInValidPassword" time="3.825"/>
  <testcase classname="testscripts.LoginTest" name="verifyWhetherUserIsAbleToLoginWithInValidUserNameandInValidPassword" time="3.293"/>
</testsuite> <!-- testscripts.LoginTest -->
