<?xml version="1.0" encoding="UTF-8"?>
<!-- Generated by org.testng.reporters.JUnitReportReporter -->
<testsuite hostname="LAPTOP-UCLTDI57" failures="0" tests="3" name="testscripts.ManageNewsPageTest" time="20.048" errors="0" timestamp="2025-12-19T11:29:43 IST" skipped="0">
  <testcase classname="testscripts.ManageNewsPageTest" name="verifyAdminIsAbleToResetTheNews" time="6.440"/>
  <testcase classname="testscripts.ManageNewsPageTest" name="verifyWhetherAdminIsAbleToAddNews" time="7.109"/>
  <testcase classname="testscripts.ManageNewsPageTest" name="verifyWhetherAdminIsAbleToSearchNews" time="6.499"/>
</testsuite> <!-- testscripts.ManageNewsPageTest -->
