<?xml version="1.0" encoding="UTF-8"?>
<!-- Generated by org.testng.reporters.JUnitReportReporter -->
<testsuite hostname="LAPTOP-UCLTDI57" failures="0" tests="3" name="testscripts.AdminUsersTest" time="15.989" errors="0" timestamp="2025-12-19T15:39:43 IST" skipped="0">
  <testcase classname="testscripts.AdminUsersTest" name="verifyWhetherAdminIsAbleToAddNewUser" time="5.229"/>
  <testcase classname="testscripts.AdminUsersTest" name="verifyWhetherAdminIsAbleToSearchTheNewlyAddedUser" time="6.461"/>
  <testcase classname="testscripts.AdminUsersTest" name="verifyWhetherAdminIsAbleToResetTheUsersList" time="4.299"/>
</testsuite> <!-- testscripts.AdminUsersTest -->
