<?xml version="1.0" encoding="UTF-8"?>
<!-- Generated by org.testng.reporters.JUnitReportReporter -->
<testsuite hostname="LAPTOP-UCLTDI57" failures="0" tests="3" name="testscripts.ManageNewsPageTest" time="26.682" errors="0" timestamp="2025-12-20T19:47:24 IST" skipped="0">
  <testcase classname="testscripts.ManageNewsPageTest" name="verifyWhetherAdminIsAbleToSearchNews" time="9.740"/>
  <testcase classname="testscripts.ManageNewsPageTest" name="verifyAdminIsAbleToResetTheNews" time="9.467"/>
  <testcase classname="testscripts.ManageNewsPageTest" name="verifyWhetherAdminIsAbleToAddNews" time="7.475"/>
</testsuite> <!-- testscripts.ManageNewsPageTest -->
