<?xml version="1.0" encoding="UTF-8"?>
<!-- Generated by org.testng.reporters.JUnitXMLReporter -->
<testsuite ignored="3" hostname="LAPTOP-UCLTDI57" failures="0" tests="2" name="Test" time="6.433" errors="0" timestamp="2025-12-17T18:03:38 IST">
  <testcase classname="testscripts.LoginTest" name="verifyWhetherUserIsAbleToLoginWithInValidUserNameandValidPassword" time="0.764"/>
  <testcase classname="testscripts.LoginTest" name="verifyWhetherUserIsAbleToLoginWithInValidUserNameandValidPassword" time="0.731"/>
  <testcase classname="testscripts.LoginTest" name="verifyWhetherUserIsAbleToLoginWithValidUserNameandInvalidPassword" time="0.0">
    <ignored/>
  </testcase> <!-- verifyWhetherUserIsAbleToLoginWithValidUserNameandInvalidPassword -->
  <testcase classname="testscripts.LoginTest" name="verifyWhetherUserIsAbleToLoginWithInValidUserNameandInValidPassword" time="0.0">
    <ignored/>
  </testcase> <!-- verifyWhetherUserIsAbleToLoginWithInValidUserNameandInValidPassword -->
  <testcase classname="testscripts.LoginTest" name="verifyWhetherUserIsAbleToLoginWithValidCredential" time="0.0">
    <ignored/>
  </testcase> <!-- verifyWhetherUserIsAbleToLoginWithValidCredential -->
</testsuite> <!-- Test -->
