<?xml version="1.0" encoding="UTF-8"?>
<!-- Generated by org.testng.reporters.JUnitXMLReporter -->
<testsuite ignored="0" hostname="LAPTOP-UCLTDI57" failures="1" tests="3" name="Test" time="9.444" errors="0" timestamp="2025-12-11T20:01:31 IST">
  <testcase classname="testscripts.HomeTest" name="verifyWhetherUserIsAbleToSuccessfullyLogout" time="1.154">
    <skipped/>
  </testcase> <!-- verifyWhetherUserIsAbleToSuccessfullyLogout -->
  <testcase classname="testscripts.HomeTest" name="verifyWhetherUserIsAbleToSuccessfullyLogout" time="0.088">
    <skipped/>
  </testcase> <!-- verifyWhetherUserIsAbleToSuccessfullyLogout -->
  <testcase classname="testscripts.HomeTest" name="verifyWhetherUserIsAbleToSuccessfullyLogout" time="0.071">
    <failure type="java.lang.NullPointerException" message="Cannot invoke &amp;quot;org.apache.poi.xssf.usermodel.XSSFRow.getCell(int)&amp;quot; because &amp;quot;r&amp;quot; is null">
      <![CDATA[java.lang.NullPointerException: Cannot invoke "org.apache.poi.xssf.usermodel.XSSFRow.getCell(int)" because "r" is null
at utilities.ExcelUtility.getStringData(ExcelUtility.java:23)
at testscripts.HomeTest.verifyWhetherUserIsAbleToSuccessfullyLogout(HomeTest.java:18)
at java.base/java.util.ArrayList.forEach(ArrayList.java:1596)
... Removed 25 stack frames]]>
    </failure>
  </testcase> <!-- verifyWhetherUserIsAbleToSuccessfullyLogout -->
</testsuite> <!-- Test -->
