<?xml version="1.0" encoding="UTF-8"?>
<testng-results ignored="0" total="2" passed="2" failed="0" skipped="0">
  <reporter-output>
  </reporter-output>
  <suite started-at="2025-12-11T20:21:40 IST" name="Grouping" finished-at="2025-12-11T20:21:48 IST" duration-ms="7755">
    <groups>
      <group name="smoke">
        <method signature="LoginTest.verifyWhetherUserIsAbleToLoginWithValidCredential()[pri:1, instance:testscripts.LoginTest@1bb5a082]" name="verifyWhetherUserIsAbleToLoginWithValidCredential" class="testscripts.LoginTest"/>
        <method signature="LoginTest.verifyWhetherUserIsAbleToLoginWithInValidUserNameandInValidPassword()[pri:4, instance:testscripts.LoginTest@1bb5a082]" name="verifyWhetherUserIsAbleToLoginWithInValidUserNameandInValidPassword" class="testscripts.LoginTest"/>
      </group> <!-- smoke -->
    </groups>
    <test started-at="2025-12-11T20:21:40 IST" name="Test" finished-at="2025-12-11T20:21:48 IST" duration-ms="7755">
      <class name="testscripts.LoginTest">
        <test-method is-config="true" signature="initializeBrowser(java.lang.String)[pri:0, instance:testscripts.LoginTest@1bb5a082]" started-at="2025-12-11T20:21:40 IST" name="initializeBrowser" finished-at="2025-12-11T20:21:43 IST" duration-ms="3143" status="PASS">
          <params>
            <param index="0">
              <value>
                <![CDATA[Chrome]]>
              </value>
            </param>
          </params>
          <reporter-output>
          </reporter-output>
        </test-method> <!-- initializeBrowser -->
        <test-method signature="verifyWhetherUserIsAbleToLoginWithValidCredential()[pri:1, instance:testscripts.LoginTest@1bb5a082]" started-at="2025-12-11T20:21:43 IST" name="verifyWhetherUserIsAbleToLoginWithValidCredential" description="Verify User can login with valid credentials" finished-at="2025-12-11T20:21:45 IST" duration-ms="2114" status="PASS">
          <reporter-output>
          </reporter-output>
        </test-method> <!-- verifyWhetherUserIsAbleToLoginWithValidCredential -->
        <test-method is-config="true" signature="driverQuit(org.testng.ITestResult)[pri:0, instance:testscripts.LoginTest@1bb5a082]" started-at="2025-12-11T20:21:45 IST" name="driverQuit" finished-at="2025-12-11T20:21:45 IST" duration-ms="2" status="PASS">
          <params>
            <param index="0">
              <value>
                <![CDATA[[TestResult name=verifyWhetherUserIsAbleToLoginWithValidCredential status=SUCCESS method=LoginTest.verifyWhetherUserIsAbleToLoginWithValidCredential()[pri:1, instance:testscripts.LoginTest@1bb5a082] output={null}]]]>
              </value>
            </param>
          </params>
          <reporter-output>
          </reporter-output>
        </test-method> <!-- driverQuit -->
        <test-method is-config="true" signature="initializeBrowser(java.lang.String)[pri:0, instance:testscripts.LoginTest@1bb5a082]" started-at="2025-12-11T20:21:45 IST" name="initializeBrowser" finished-at="2025-12-11T20:21:47 IST" duration-ms="1842" status="PASS">
          <params>
            <param index="0">
              <value>
                <![CDATA[Chrome]]>
              </value>
            </param>
          </params>
          <reporter-output>
          </reporter-output>
        </test-method> <!-- initializeBrowser -->
        <test-method signature="verifyWhetherUserIsAbleToLoginWithInValidUserNameandInValidPassword()[pri:4, instance:testscripts.LoginTest@1bb5a082]" started-at="2025-12-11T20:21:47 IST" name="verifyWhetherUserIsAbleToLoginWithInValidUserNameandInValidPassword" description="Verify user is able to login with invalid credentials" finished-at="2025-12-11T20:21:48 IST" duration-ms="592" status="PASS">
          <reporter-output>
          </reporter-output>
        </test-method> <!-- verifyWhetherUserIsAbleToLoginWithInValidUserNameandInValidPassword -->
        <test-method is-config="true" signature="driverQuit(org.testng.ITestResult)[pri:0, instance:testscripts.LoginTest@1bb5a082]" started-at="2025-12-11T20:21:48 IST" name="driverQuit" finished-at="2025-12-11T20:21:48 IST" duration-ms="1" status="PASS">
          <params>
            <param index="0">
              <value>
                <![CDATA[[TestResult name=verifyWhetherUserIsAbleToLoginWithInValidUserNameandInValidPassword status=SUCCESS method=LoginTest.verifyWhetherUserIsAbleToLoginWithInValidUserNameandInValidPassword()[pri:4, instance:testscripts.LoginTest@1bb5a082] output={null}]]]>
              </value>
            </param>
          </params>
          <reporter-output>
          </reporter-output>
        </test-method> <!-- driverQuit -->
      </class> <!-- testscripts.LoginTest -->
    </test> <!-- Test -->
  </suite> <!-- Grouping -->
</testng-results>
