<?xml version="1.0" encoding="UTF-8"?>
<testng-results ignored="0" total="2" passed="2" failed="0" skipped="0">
  <reporter-output>
  </reporter-output>
  <suite started-at="2025-12-17T18:03:31 IST" name="Suite" finished-at="2025-12-17T18:03:37 IST" duration-ms="6433">
    <groups>
    </groups>
    <test started-at="2025-12-17T18:03:31 IST" name="Test" finished-at="2025-12-17T18:03:37 IST" duration-ms="6433">
      <class name="testscripts.LoginTest">
        <test-method is-config="true" signature="initializeBrowser()[pri:0, instance:testscripts.LoginTest@49c90a9c]" started-at="2025-12-17T18:03:31 IST" name="initializeBrowser" finished-at="2025-12-17T18:03:33 IST" duration-ms="2351" status="PASS">
          <reporter-output>
          </reporter-output>
        </test-method> <!-- initializeBrowser -->
        <test-method signature="verifyWhetherUserIsAbleToLoginWithInValidUserNameandValidPassword(java.lang.String,java.lang.String)[pri:3, instance:testscripts.LoginTest@49c90a9c]" started-at="2025-12-17T18:03:33 IST" name="verifyWhetherUserIsAbleToLoginWithInValidUserNameandValidPassword" description="Verify user is able to login with invalid username and valid password" data-provider="loginProvider" finished-at="2025-12-17T18:03:34 IST" duration-ms="764" status="PASS">
          <params>
            <param index="0">
              <value>
                <![CDATA[admin]]>
              </value>
            </param>
            <param index="1">
              <value>
                <![CDATA[admin22]]>
              </value>
            </param>
          </params>
          <reporter-output>
          </reporter-output>
        </test-method> <!-- verifyWhetherUserIsAbleToLoginWithInValidUserNameandValidPassword -->
        <test-method is-config="true" signature="driverQuit(org.testng.ITestResult)[pri:0, instance:testscripts.LoginTest@49c90a9c]" started-at="2025-12-17T18:03:34 IST" name="driverQuit" finished-at="2025-12-17T18:03:34 IST" duration-ms="0" status="PASS">
          <params>
            <param index="0">
              <value>
                <![CDATA[[TestResult name=verifyWhetherUserIsAbleToLoginWithInValidUserNameandValidPassword status=SUCCESS method=LoginTest.verifyWhetherUserIsAbleToLoginWithInValidUserNameandValidPassword(java.lang.String,java.lang.String)[pri:3, instance:testscripts.LoginTest@49c90a9c] output={null}]]]>
              </value>
            </param>
          </params>
          <reporter-output>
          </reporter-output>
        </test-method> <!-- driverQuit -->
        <test-method is-config="true" signature="initializeBrowser()[pri:0, instance:testscripts.LoginTest@49c90a9c]" started-at="2025-12-17T18:03:34 IST" name="initializeBrowser" finished-at="2025-12-17T18:03:36 IST" duration-ms="2535" status="PASS">
          <reporter-output>
          </reporter-output>
        </test-method> <!-- initializeBrowser -->
        <test-method signature="verifyWhetherUserIsAbleToLoginWithInValidUserNameandValidPassword(java.lang.String,java.lang.String)[pri:3, instance:testscripts.LoginTest@49c90a9c]" started-at="2025-12-17T18:03:36 IST" name="verifyWhetherUserIsAbleToLoginWithInValidUserNameandValidPassword" description="Verify user is able to login with invalid username and valid password" data-provider="loginProvider" finished-at="2025-12-17T18:03:37 IST" duration-ms="731" status="PASS">
          <params>
            <param index="0">
              <value>
                <![CDATA[admin123]]>
              </value>
            </param>
            <param index="1">
              <value>
                <![CDATA[123]]>
              </value>
            </param>
          </params>
          <reporter-output>
          </reporter-output>
        </test-method> <!-- verifyWhetherUserIsAbleToLoginWithInValidUserNameandValidPassword -->
        <test-method is-config="true" signature="driverQuit(org.testng.ITestResult)[pri:0, instance:testscripts.LoginTest@49c90a9c]" started-at="2025-12-17T18:03:37 IST" name="driverQuit" finished-at="2025-12-17T18:03:37 IST" duration-ms="0" status="PASS">
          <params>
            <param index="0">
              <value>
                <![CDATA[[TestResult name=verifyWhetherUserIsAbleToLoginWithInValidUserNameandValidPassword status=SUCCESS method=LoginTest.verifyWhetherUserIsAbleToLoginWithInValidUserNameandValidPassword(java.lang.String,java.lang.String)[pri:3, instance:testscripts.LoginTest@49c90a9c] output={null}]]]>
              </value>
            </param>
          </params>
          <reporter-output>
          </reporter-output>
        </test-method> <!-- driverQuit -->
      </class> <!-- testscripts.LoginTest -->
    </test> <!-- Test -->
  </suite> <!-- Suite -->
</testng-results>
