<?xml version="1.0" encoding="UTF-8"?>
<!-- Generated by org.testng.reporters.JUnitXMLReporter -->
<testsuite ignored="0" hostname="LAPTOP-UCLTDI57" failures="0" tests="3" name="Test1" time="26.757" errors="0" timestamp="2025-12-20T19:47:02 IST">
  <testcase classname="testscripts.ManageNewsPageTest" name="verifyAdminIsAbleToResetTheNews" time="4.407"/>
  <testcase classname="testscripts.ManageNewsPageTest" name="verifyWhetherAdminIsAbleToAddNews" time="4.817"/>
  <testcase classname="testscripts.ManageNewsPageTest" name="verifyWhetherAdminIsAbleToSearchNews" time="3.747"/>
</testsuite> <!-- Test1 -->
