<?xml version="1.0" encoding="UTF-8"?>
<!-- Generated by org.testng.reporters.JUnitXMLReporter -->
<testsuite ignored="0" hostname="LAPTOP-UCLTDI57" failures="0" tests="3" name="Test2" time="20.065" errors="0" timestamp="2025-12-19T11:29:43 IST">
  <testcase classname="testscripts.ManageNewsPageTest" name="verifyAdminIsAbleToResetTheNews" time="3.616"/>
  <testcase classname="testscripts.ManageNewsPageTest" name="verifyWhetherAdminIsAbleToAddNews" time="4.324"/>
  <testcase classname="testscripts.ManageNewsPageTest" name="verifyWhetherAdminIsAbleToSearchNews" time="2.655"/>
</testsuite> <!-- Test2 -->
